2023-03-16T13:38:46.390Z  INFO 53633 --- [main] c.t.a.AttractionsGuideApplication        : Starting AttractionsGuideApplication using Java 17.0.6 with PID 53633 (/Users/jiayuran/Desktop/NewcastleUniAttractions/target/classes started by jiayuran in /Users/jiayuran/Desktop/NewcastleUniAttractions)
2023-03-16T13:38:46.398Z  INFO 53633 --- [main] c.t.a.AttractionsGuideApplication        : The following 1 profile is active: "dev"
2023-03-16T13:38:46.739Z  INFO 53633 --- [main] .s.d.r.c.RepositoryConfigurationDelegate : Bootstrapping Spring Data JPA repositories in DEFAULT mode.
2023-03-16T13:38:46.750Z  INFO 53633 --- [main] .s.d.r.c.RepositoryConfigurationDelegate : Finished Spring Data repository scanning in 7 ms. Found 0 JPA repository interfaces.
2023-03-16T13:38:47.049Z  INFO 53633 --- [main] o.s.b.w.embedded.tomcat.TomcatWebServer  : Tomcat initialized with port(s): 8001 (http)
2023-03-16T13:38:47.057Z  INFO 53633 --- [main] o.apache.catalina.core.StandardService   : Starting service [Tomcat]
2023-03-16T13:38:47.057Z  INFO 53633 --- [main] o.apache.catalina.core.StandardEngine    : Starting Servlet engine: [Apache Tomcat/10.1.5]
2023-03-16T13:38:47.163Z  INFO 53633 --- [main] o.a.c.c.C.[Tomcat].[localhost].[/]       : Initializing Spring embedded WebApplicationContext
2023-03-16T13:38:47.164Z  INFO 53633 --- [main] w.s.c.ServletWebServerApplicationContext : Root WebApplicationContext: initialization completed in 728 ms
2023-03-16T13:38:47.270Z  INFO 53633 --- [main] o.hibernate.jpa.internal.util.LogHelper  : HHH000204: Processing PersistenceUnitInfo [name: default]
2023-03-16T13:38:47.307Z  INFO 53633 --- [main] org.hibernate.Version                    : HHH000412: Hibernate ORM core version 6.1.7.Final
2023-03-16T13:38:47.484Z  INFO 53633 --- [main] com.zaxxer.hikari.HikariDataSource       : HikariPool-1 - Starting...
2023-03-16T13:38:47.767Z  INFO 53633 --- [main] com.zaxxer.hikari.pool.HikariPool        : HikariPool-1 - Added connection com.mysql.cj.jdbc.ConnectionImpl@ac4915e
2023-03-16T13:38:47.768Z  INFO 53633 --- [main] com.zaxxer.hikari.HikariDataSource       : HikariPool-1 - Start completed.
2023-03-16T13:38:47.826Z  INFO 53633 --- [main] SQL dialect                              : HHH000400: Using dialect: org.hibernate.dialect.MySQLDialect
2023-03-16T13:38:48.005Z  INFO 53633 --- [main] o.h.e.t.j.p.i.JtaPlatformInitiator       : HHH000490: Using JtaPlatform implementation: [org.hibernate.engine.transaction.jta.platform.internal.NoJtaPlatform]
2023-03-16T13:38:48.013Z  INFO 53633 --- [main] j.LocalContainerEntityManagerFactoryBean : Initialized JPA EntityManagerFactory for persistence unit 'default'
2023-03-16T13:38:48.041Z  WARN 53633 --- [main] JpaBaseConfiguration$JpaWebConfiguration : spring.jpa.open-in-view is enabled by default. Therefore, database queries may be performed during view rendering. Explicitly configure spring.jpa.open-in-view to disable this warning
2023-03-16T13:38:48.286Z  INFO 53633 --- [main] o.s.b.w.embedded.tomcat.TomcatWebServer  : Tomcat started on port(s): 8001 (http) with context path ''
2023-03-16T13:38:48.293Z  INFO 53633 --- [main] c.t.a.AttractionsGuideApplication        : Started AttractionsGuideApplication in 2.215 seconds (process running for 2.399)
2023-03-16T13:40:38.732Z  INFO 53633 --- [http-nio-8001-exec-1] o.a.c.c.C.[Tomcat].[localhost].[/]       : Initializing Spring DispatcherServlet 'dispatcherServlet'
2023-03-16T13:40:38.734Z  INFO 53633 --- [http-nio-8001-exec-1] o.s.web.servlet.DispatcherServlet        : Initializing Servlet 'dispatcherServlet'
2023-03-16T13:40:38.737Z  INFO 53633 --- [http-nio-8001-exec-1] o.s.web.servlet.DispatcherServlet        : Completed initialization in 3 ms
2023-03-16T13:40:38.760Z  WARN 53633 --- [http-nio-8001-exec-1] .w.s.m.s.DefaultHandlerExceptionResolver : Resolved [org.springframework.web.HttpRequestMethodNotSupportedException: Request method 'GET' is not supported]
2023-03-16T13:40:45.612Z  WARN 53633 --- [http-nio-8001-exec-3] .w.s.m.s.DefaultHandlerExceptionResolver : Resolved [org.springframework.web.bind.MissingServletRequestParameterException: Required request parameter 'currentLocation' for method parameter type String is not present]
2023-03-16T13:41:21.380Z  INFO 53633 --- [SpringApplicationShutdownHook] j.LocalContainerEntityManagerFactoryBean : Closing JPA EntityManagerFactory for persistence unit 'default'
2023-03-16T13:41:21.384Z  INFO 53633 --- [SpringApplicationShutdownHook] com.zaxxer.hikari.HikariDataSource       : HikariPool-1 - Shutdown initiated...
2023-03-16T13:41:21.402Z  INFO 53633 --- [SpringApplicationShutdownHook] com.zaxxer.hikari.HikariDataSource       : HikariPool-1 - Shutdown completed.
2023-03-16T13:42:03.938Z  INFO 53745 --- [main] c.t.a.AttractionsGuideApplication        : Starting AttractionsGuideApplication using Java 17.0.6 with PID 53745 (/Users/jiayuran/Desktop/NewcastleUniAttractions/target/classes started by jiayuran in /Users/jiayuran/Desktop/NewcastleUniAttractions)
2023-03-16T13:42:03.939Z  INFO 53745 --- [main] c.t.a.AttractionsGuideApplication        : The following 1 profile is active: "dev"
2023-03-16T13:42:04.261Z  INFO 53745 --- [main] .s.d.r.c.RepositoryConfigurationDelegate : Bootstrapping Spring Data JPA repositories in DEFAULT mode.
2023-03-16T13:42:04.272Z  INFO 53745 --- [main] .s.d.r.c.RepositoryConfigurationDelegate : Finished Spring Data repository scanning in 6 ms. Found 0 JPA repository interfaces.
2023-03-16T13:42:04.569Z  INFO 53745 --- [main] o.s.b.w.embedded.tomcat.TomcatWebServer  : Tomcat initialized with port(s): 8001 (http)
2023-03-16T13:42:04.577Z  INFO 53745 --- [main] o.apache.catalina.core.StandardService   : Starting service [Tomcat]
2023-03-16T13:42:04.577Z  INFO 53745 --- [main] o.apache.catalina.core.StandardEngine    : Starting Servlet engine: [Apache Tomcat/10.1.5]
2023-03-16T13:42:04.639Z  INFO 53745 --- [main] o.a.c.c.C.[Tomcat].[localhost].[/]       : Initializing Spring embedded WebApplicationContext
2023-03-16T13:42:04.639Z  INFO 53745 --- [main] w.s.c.ServletWebServerApplicationContext : Root WebApplicationContext: initialization completed in 676 ms
2023-03-16T13:42:04.730Z  INFO 53745 --- [main] o.hibernate.jpa.internal.util.LogHelper  : HHH000204: Processing PersistenceUnitInfo [name: default]
2023-03-16T13:42:04.765Z  INFO 53745 --- [main] org.hibernate.Version                    : HHH000412: Hibernate ORM core version 6.1.7.Final
2023-03-16T13:42:04.936Z  INFO 53745 --- [main] com.zaxxer.hikari.HikariDataSource       : HikariPool-1 - Starting...
2023-03-16T13:42:05.200Z  INFO 53745 --- [main] com.zaxxer.hikari.pool.HikariPool        : HikariPool-1 - Added connection com.mysql.cj.jdbc.ConnectionImpl@421ead7e
2023-03-16T13:42:05.201Z  INFO 53745 --- [main] com.zaxxer.hikari.HikariDataSource       : HikariPool-1 - Start completed.
2023-03-16T13:42:05.258Z  INFO 53745 --- [main] SQL dialect                              : HHH000400: Using dialect: org.hibernate.dialect.MySQLDialect
2023-03-16T13:42:05.430Z  INFO 53745 --- [main] o.h.e.t.j.p.i.JtaPlatformInitiator       : HHH000490: Using JtaPlatform implementation: [org.hibernate.engine.transaction.jta.platform.internal.NoJtaPlatform]
2023-03-16T13:42:05.437Z  INFO 53745 --- [main] j.LocalContainerEntityManagerFactoryBean : Initialized JPA EntityManagerFactory for persistence unit 'default'
2023-03-16T13:42:05.458Z  WARN 53745 --- [main] JpaBaseConfiguration$JpaWebConfiguration : spring.jpa.open-in-view is enabled by default. Therefore, database queries may be performed during view rendering. Explicitly configure spring.jpa.open-in-view to disable this warning
2023-03-16T13:42:05.691Z  INFO 53745 --- [main] o.s.b.w.embedded.tomcat.TomcatWebServer  : Tomcat started on port(s): 8001 (http) with context path ''
2023-03-16T13:42:05.698Z  INFO 53745 --- [main] c.t.a.AttractionsGuideApplication        : Started AttractionsGuideApplication in 2.037 seconds (process running for 2.22)
2023-03-16T13:42:21.727Z  INFO 53745 --- [http-nio-8001-exec-2] o.a.c.c.C.[Tomcat].[localhost].[/]       : Initializing Spring DispatcherServlet 'dispatcherServlet'
2023-03-16T13:42:21.728Z  INFO 53745 --- [http-nio-8001-exec-2] o.s.web.servlet.DispatcherServlet        : Initializing Servlet 'dispatcherServlet'
2023-03-16T13:42:21.731Z  INFO 53745 --- [http-nio-8001-exec-2] o.s.web.servlet.DispatcherServlet        : Completed initialization in 3 ms
2023-03-16T13:42:21.844Z ERROR 53745 --- [http-nio-8001-exec-2] o.a.c.c.C.[.[.[/].[dispatcherServlet]    : Servlet.service() for servlet [dispatcherServlet] in context with path [] threw exception [Request processing failed: java.lang.IllegalArgumentException: Map has no value for 'currentLocation'] with root cause

java.lang.IllegalArgumentException: Map has no value for 'currentLocation'
	at org.springframework.web.util.UriComponents$MapTemplateVariables.getValue(UriComponents.java:348) ~[spring-web-6.0.5.jar:6.0.5]
	at org.springframework.web.util.HierarchicalUriComponents$QueryUriTemplateVariables.getValue(HierarchicalUriComponents.java:1091) ~[spring-web-6.0.5.jar:6.0.5]
	at org.springframework.web.util.UriComponents.expandUriComponent(UriComponents.java:263) ~[spring-web-6.0.5.jar:6.0.5]
	at org.springframework.web.util.HierarchicalUriComponents.lambda$expandQueryParams$5(HierarchicalUriComponents.java:455) ~[spring-web-6.0.5.jar:6.0.5]
	at org.springframework.util.UnmodifiableMultiValueMap.lambda$forEach$0(UnmodifiableMultiValueMap.java:114) ~[spring-core-6.0.5.jar:6.0.5]
	at java.base/java.util.Map.forEach(Map.java:713) ~[na:na]
	at org.springframework.util.UnmodifiableMultiValueMap.forEach(UnmodifiableMultiValueMap.java:114) ~[spring-core-6.0.5.jar:6.0.5]
	at org.springframework.web.util.HierarchicalUriComponents.expandQueryParams(HierarchicalUriComponents.java:451) ~[spring-web-6.0.5.jar:6.0.5]
	at org.springframework.web.util.HierarchicalUriComponents.expandInternal(HierarchicalUriComponents.java:440) ~[spring-web-6.0.5.jar:6.0.5]
	at org.springframework.web.util.HierarchicalUriComponents.expandInternal(HierarchicalUriComponents.java:52) ~[spring-web-6.0.5.jar:6.0.5]
	at org.springframework.web.util.UriComponents.expand(UriComponents.java:161) ~[spring-web-6.0.5.jar:6.0.5]
	at org.springframework.web.util.DefaultUriBuilderFactory$DefaultUriBuilder.build(DefaultUriBuilderFactory.java:391) ~[spring-web-6.0.5.jar:6.0.5]
	at org.springframework.web.util.DefaultUriBuilderFactory.expand(DefaultUriBuilderFactory.java:149) ~[spring-web-6.0.5.jar:6.0.5]
	at org.springframework.web.client.RestTemplate.execute(RestTemplate.java:784) ~[spring-web-6.0.5.jar:6.0.5]
	at org.springframework.web.client.RestTemplate.getForObject(RestTemplate.java:387) ~[spring-web-6.0.5.jar:6.0.5]
	at com.team21.attractionsGuide.service.GoogleMapService.getAutocompletePlacesList(GoogleMapService.java:45) ~[classes/:na]
	at com.team21.attractionsGuide.controller.PlaceController.getAutoCompletePlaces(PlaceController.java:46) ~[classes/:na]
	at java.base/jdk.internal.reflect.NativeMethodAccessorImpl.invoke0(Native Method) ~[na:na]
	at java.base/jdk.internal.reflect.NativeMethodAccessorImpl.invoke(NativeMethodAccessorImpl.java:77) ~[na:na]
	at java.base/jdk.internal.reflect.DelegatingMethodAccessorImpl.invoke(DelegatingMethodAccessorImpl.java:43) ~[na:na]
	at java.base/java.lang.reflect.Method.invoke(Method.java:568) ~[na:na]
	at org.springframework.web.method.support.InvocableHandlerMethod.doInvoke(InvocableHandlerMethod.java:207) ~[spring-web-6.0.5.jar:6.0.5]
	at org.springframework.web.method.support.InvocableHandlerMethod.invokeForRequest(InvocableHandlerMethod.java:152) ~[spring-web-6.0.5.jar:6.0.5]
	at org.springframework.web.servlet.mvc.method.annotation.ServletInvocableHandlerMethod.invokeAndHandle(ServletInvocableHandlerMethod.java:117) ~[spring-webmvc-6.0.5.jar:6.0.5]
	at org.springframework.web.servlet.mvc.method.annotation.RequestMappingHandlerAdapter.invokeHandlerMethod(RequestMappingHandlerAdapter.java:884) ~[spring-webmvc-6.0.5.jar:6.0.5]
	at org.springframework.web.servlet.mvc.method.annotation.RequestMappingHandlerAdapter.handleInternal(RequestMappingHandlerAdapter.java:797) ~[spring-webmvc-6.0.5.jar:6.0.5]
	at org.springframework.web.servlet.mvc.method.AbstractHandlerMethodAdapter.handle(AbstractHandlerMethodAdapter.java:87) ~[spring-webmvc-6.0.5.jar:6.0.5]
	at org.springframework.web.servlet.DispatcherServlet.doDispatch(DispatcherServlet.java:1081) ~[spring-webmvc-6.0.5.jar:6.0.5]
	at org.springframework.web.servlet.DispatcherServlet.doService(DispatcherServlet.java:974) ~[spring-webmvc-6.0.5.jar:6.0.5]
	at org.springframework.web.servlet.FrameworkServlet.processRequest(FrameworkServlet.java:1011) ~[spring-webmvc-6.0.5.jar:6.0.5]
	at org.springframework.web.servlet.FrameworkServlet.doPost(FrameworkServlet.java:914) ~[spring-webmvc-6.0.5.jar:6.0.5]
	at jakarta.servlet.http.HttpServlet.service(HttpServlet.java:731) ~[tomcat-embed-core-10.1.5.jar:6.0]
	at org.springframework.web.servlet.FrameworkServlet.service(FrameworkServlet.java:885) ~[spring-webmvc-6.0.5.jar:6.0.5]
	at jakarta.servlet.http.HttpServlet.service(HttpServlet.java:814) ~[tomcat-embed-core-10.1.5.jar:6.0]
	at org.apache.catalina.core.ApplicationFilterChain.internalDoFilter(ApplicationFilterChain.java:223) ~[tomcat-embed-core-10.1.5.jar:10.1.5]
	at org.apache.catalina.core.ApplicationFilterChain.doFilter(ApplicationFilterChain.java:158) ~[tomcat-embed-core-10.1.5.jar:10.1.5]
	at org.apache.tomcat.websocket.server.WsFilter.doFilter(WsFilter.java:53) ~[tomcat-embed-websocket-10.1.5.jar:10.1.5]
	at org.apache.catalina.core.ApplicationFilterChain.internalDoFilter(ApplicationFilterChain.java:185) ~[tomcat-embed-core-10.1.5.jar:10.1.5]
	at org.apache.catalina.core.ApplicationFilterChain.doFilter(ApplicationFilterChain.java:158) ~[tomcat-embed-core-10.1.5.jar:10.1.5]
	at org.springframework.web.filter.RequestContextFilter.doFilterInternal(RequestContextFilter.java:100) ~[spring-web-6.0.5.jar:6.0.5]
	at org.springframework.web.filter.OncePerRequestFilter.doFilter(OncePerRequestFilter.java:116) ~[spring-web-6.0.5.jar:6.0.5]
	at org.apache.catalina.core.ApplicationFilterChain.internalDoFilter(ApplicationFilterChain.java:185) ~[tomcat-embed-core-10.1.5.jar:10.1.5]
	at org.apache.catalina.core.ApplicationFilterChain.doFilter(ApplicationFilterChain.java:158) ~[tomcat-embed-core-10.1.5.jar:10.1.5]
	at org.springframework.web.filter.FormContentFilter.doFilterInternal(FormContentFilter.java:93) ~[spring-web-6.0.5.jar:6.0.5]
	at org.springframework.web.filter.OncePerRequestFilter.doFilter(OncePerRequestFilter.java:116) ~[spring-web-6.0.5.jar:6.0.5]
	at org.apache.catalina.core.ApplicationFilterChain.internalDoFilter(ApplicationFilterChain.java:185) ~[tomcat-embed-core-10.1.5.jar:10.1.5]
	at org.apache.catalina.core.ApplicationFilterChain.doFilter(ApplicationFilterChain.java:158) ~[tomcat-embed-core-10.1.5.jar:10.1.5]
	at org.springframework.web.filter.CharacterEncodingFilter.doFilterInternal(CharacterEncodingFilter.java:201) ~[spring-web-6.0.5.jar:6.0.5]
	at org.springframework.web.filter.OncePerRequestFilter.doFilter(OncePerRequestFilter.java:116) ~[spring-web-6.0.5.jar:6.0.5]
	at org.apache.catalina.core.ApplicationFilterChain.internalDoFilter(ApplicationFilterChain.java:185) ~[tomcat-embed-core-10.1.5.jar:10.1.5]
	at org.apache.catalina.core.ApplicationFilterChain.doFilter(ApplicationFilterChain.java:158) ~[tomcat-embed-core-10.1.5.jar:10.1.5]
	at org.apache.catalina.core.StandardWrapperValve.invoke(StandardWrapperValve.java:177) ~[tomcat-embed-core-10.1.5.jar:10.1.5]
	at org.apache.catalina.core.StandardContextValve.invoke(StandardContextValve.java:97) ~[tomcat-embed-core-10.1.5.jar:10.1.5]
	at org.apache.catalina.authenticator.AuthenticatorBase.invoke(AuthenticatorBase.java:542) ~[tomcat-embed-core-10.1.5.jar:10.1.5]
	at org.apache.catalina.core.StandardHostValve.invoke(StandardHostValve.java:119) ~[tomcat-embed-core-10.1.5.jar:10.1.5]
	at org.apache.catalina.valves.ErrorReportValve.invoke(ErrorReportValve.java:92) ~[tomcat-embed-core-10.1.5.jar:10.1.5]
	at org.apache.catalina.core.StandardEngineValve.invoke(StandardEngineValve.java:78) ~[tomcat-embed-core-10.1.5.jar:10.1.5]
	at org.apache.catalina.connector.CoyoteAdapter.service(CoyoteAdapter.java:357) ~[tomcat-embed-core-10.1.5.jar:10.1.5]
	at org.apache.coyote.http11.Http11Processor.service(Http11Processor.java:400) ~[tomcat-embed-core-10.1.5.jar:10.1.5]
	at org.apache.coyote.AbstractProcessorLight.process(AbstractProcessorLight.java:65) ~[tomcat-embed-core-10.1.5.jar:10.1.5]
	at org.apache.coyote.AbstractProtocol$ConnectionHandler.process(AbstractProtocol.java:859) ~[tomcat-embed-core-10.1.5.jar:10.1.5]
	at org.apache.tomcat.util.net.NioEndpoint$SocketProcessor.doRun(NioEndpoint.java:1734) ~[tomcat-embed-core-10.1.5.jar:10.1.5]
	at org.apache.tomcat.util.net.SocketProcessorBase.run(SocketProcessorBase.java:52) ~[tomcat-embed-core-10.1.5.jar:10.1.5]
	at org.apache.tomcat.util.threads.ThreadPoolExecutor.runWorker(ThreadPoolExecutor.java:1191) ~[tomcat-embed-core-10.1.5.jar:10.1.5]
	at org.apache.tomcat.util.threads.ThreadPoolExecutor$Worker.run(ThreadPoolExecutor.java:659) ~[tomcat-embed-core-10.1.5.jar:10.1.5]
	at org.apache.tomcat.util.threads.TaskThread$WrappingRunnable.run(TaskThread.java:61) ~[tomcat-embed-core-10.1.5.jar:10.1.5]
	at java.base/java.lang.Thread.run(Thread.java:833) ~[na:na]

2023-03-16T13:42:52.637Z  INFO 53745 --- [SpringApplicationShutdownHook] j.LocalContainerEntityManagerFactoryBean : Closing JPA EntityManagerFactory for persistence unit 'default'
2023-03-16T13:42:52.641Z  INFO 53745 --- [SpringApplicationShutdownHook] com.zaxxer.hikari.HikariDataSource       : HikariPool-1 - Shutdown initiated...
2023-03-16T13:42:52.647Z  INFO 53745 --- [SpringApplicationShutdownHook] com.zaxxer.hikari.HikariDataSource       : HikariPool-1 - Shutdown completed.
2023-03-16T13:42:56.632Z  INFO 53775 --- [main] c.t.a.AttractionsGuideApplication        : Starting AttractionsGuideApplication using Java 17.0.6 with PID 53775 (/Users/jiayuran/Desktop/NewcastleUniAttractions/target/classes started by jiayuran in /Users/jiayuran/Desktop/NewcastleUniAttractions)
2023-03-16T13:42:56.633Z  INFO 53775 --- [main] c.t.a.AttractionsGuideApplication        : The following 1 profile is active: "dev"
2023-03-16T13:42:56.941Z  INFO 53775 --- [main] .s.d.r.c.RepositoryConfigurationDelegate : Bootstrapping Spring Data JPA repositories in DEFAULT mode.
2023-03-16T13:42:56.952Z  INFO 53775 --- [main] .s.d.r.c.RepositoryConfigurationDelegate : Finished Spring Data repository scanning in 7 ms. Found 0 JPA repository interfaces.
2023-03-16T13:42:57.241Z  INFO 53775 --- [main] o.s.b.w.embedded.tomcat.TomcatWebServer  : Tomcat initialized with port(s): 8001 (http)
2023-03-16T13:42:57.248Z  INFO 53775 --- [main] o.apache.catalina.core.StandardService   : Starting service [Tomcat]
2023-03-16T13:42:57.248Z  INFO 53775 --- [main] o.apache.catalina.core.StandardEngine    : Starting Servlet engine: [Apache Tomcat/10.1.5]
2023-03-16T13:42:57.301Z  INFO 53775 --- [main] o.a.c.c.C.[Tomcat].[localhost].[/]       : Initializing Spring embedded WebApplicationContext
2023-03-16T13:42:57.301Z  INFO 53775 --- [main] w.s.c.ServletWebServerApplicationContext : Root WebApplicationContext: initialization completed in 643 ms
2023-03-16T13:42:57.389Z  INFO 53775 --- [main] o.hibernate.jpa.internal.util.LogHelper  : HHH000204: Processing PersistenceUnitInfo [name: default]
2023-03-16T13:42:57.420Z  INFO 53775 --- [main] org.hibernate.Version                    : HHH000412: Hibernate ORM core version 6.1.7.Final
2023-03-16T13:42:57.582Z  INFO 53775 --- [main] com.zaxxer.hikari.HikariDataSource       : HikariPool-1 - Starting...
2023-03-16T13:42:57.786Z  INFO 53775 --- [main] com.zaxxer.hikari.pool.HikariPool        : HikariPool-1 - Added connection com.mysql.cj.jdbc.ConnectionImpl@26d0ece6
2023-03-16T13:42:57.787Z  INFO 53775 --- [main] com.zaxxer.hikari.HikariDataSource       : HikariPool-1 - Start completed.
2023-03-16T13:42:57.833Z  INFO 53775 --- [main] SQL dialect                              : HHH000400: Using dialect: org.hibernate.dialect.MySQLDialect
2023-03-16T13:42:58.000Z  INFO 53775 --- [main] o.h.e.t.j.p.i.JtaPlatformInitiator       : HHH000490: Using JtaPlatform implementation: [org.hibernate.engine.transaction.jta.platform.internal.NoJtaPlatform]
2023-03-16T13:42:58.007Z  INFO 53775 --- [main] j.LocalContainerEntityManagerFactoryBean : Initialized JPA EntityManagerFactory for persistence unit 'default'
2023-03-16T13:42:58.032Z  WARN 53775 --- [main] JpaBaseConfiguration$JpaWebConfiguration : spring.jpa.open-in-view is enabled by default. Therefore, database queries may be performed during view rendering. Explicitly configure spring.jpa.open-in-view to disable this warning
2023-03-16T13:42:58.265Z  INFO 53775 --- [main] o.s.b.w.embedded.tomcat.TomcatWebServer  : Tomcat started on port(s): 8001 (http) with context path ''
2023-03-16T13:42:58.273Z  INFO 53775 --- [main] c.t.a.AttractionsGuideApplication        : Started AttractionsGuideApplication in 1.907 seconds (process running for 2.114)
2023-03-16T13:43:01.810Z  INFO 53775 --- [http-nio-8001-exec-2] o.a.c.c.C.[Tomcat].[localhost].[/]       : Initializing Spring DispatcherServlet 'dispatcherServlet'
2023-03-16T13:43:01.811Z  INFO 53775 --- [http-nio-8001-exec-2] o.s.web.servlet.DispatcherServlet        : Initializing Servlet 'dispatcherServlet'
2023-03-16T13:43:01.814Z  INFO 53775 --- [http-nio-8001-exec-2] o.s.web.servlet.DispatcherServlet        : Completed initialization in 3 ms
2023-03-16T13:45:53.299Z  INFO 53775 --- [SpringApplicationShutdownHook] j.LocalContainerEntityManagerFactoryBean : Closing JPA EntityManagerFactory for persistence unit 'default'
2023-03-16T13:45:53.303Z  INFO 53775 --- [SpringApplicationShutdownHook] com.zaxxer.hikari.HikariDataSource       : HikariPool-1 - Shutdown initiated...
2023-03-16T13:45:53.309Z  INFO 53775 --- [SpringApplicationShutdownHook] com.zaxxer.hikari.HikariDataSource       : HikariPool-1 - Shutdown completed.
